  File "/home/pi/Desktop/RemoteDemoStation/BasicServer/TotalStation.py", line 894, in heartbeat_loop
    while not shutdown_requested and control_connection_healthy:
                                     ^^^^^^^^^^^^^^^^^^^^^^^^^^
UnboundLocalError: cannot access local variable 'control_connection_healthy' where it is not associated with a value

(venv) pi@raspberrypi:~/Desktop/RemoteDemoStation/BasicServer $ python TotalStation.py RPI1
/home/pi/Desktop/RemoteDemoStation/BasicServer/TotalStation.py:523: DeprecationWarning: websockets.WebSocketClientProtocol is deprecated
  class CustomWebSocketClientProtocol(websockets.WebSocketClientProtocol):
2025-04-13 23:17:04,112 - INFO - Using command line RPi ID: RPI1
2025-04-13 23:17:04,112 - DEBUG - Using selector: EpollSelector
2025-04-13 23:17:04,112 - INFO - Starting RPi Client for RPI1
2025-04-13 23:17:04,112 - INFO - Connecting to server: wss://xeryonremotedemostation.replit.app/rpi/RPI1
2025-04-13 23:17:04,112 - INFO - Initializing hardware...
2025-04-13 23:17:04,112 - INFO - Initializing Xeryon on /dev/ttyACM0
No settings_default.txt found.
Searching index for axis X.
Index of axis X found.
2025-04-13 23:17:10,792 - INFO - Set acceleration to 32750
2025-04-13 23:17:10,792 - INFO - Set deceleration to 32750
2025-04-13 23:17:10,792 - INFO - Xeryon initialized with speed=500, acce=32750, dece=32750
2025-04-13 23:17:10,792 - INFO - Initializing camera
[59:47:13.897936660] [13181]  INFO Camera camera_manager.cpp:327 libcamera v0.4.0+53-29156679
[59:47:13.905503955] [13185]  INFO RPI pisp.cpp:720 libpisp version v1.1.0 e7974a156008 27-01-2025 (21:50:51)
[59:47:13.914827122] [13185]  INFO RPI pisp.cpp:1179 Registered camera /base/axi/pcie@120000/rp1/i2c@80000/ov5647@36 to CFE device /dev/media2 and ISP device /dev/media0 using PiSP variant BCM2712_C0
2025-04-13 23:17:10,810 - INFO - Initialization successful.
2025-04-13 23:17:10,810 - INFO - Camera now open.
2025-04-13 23:17:10,810 - DEBUG - <libcamera._libcamera.CameraManager object at 0x7fff332f15b0>
2025-04-13 23:17:10,812 - DEBUG - Requesting configuration: {'use_case': 'video', 'transform': <libcamera.Transform 'identity'>, 'colour_space': <libcamera.ColorSpace 'Rec709'>, 'buffer_count': 6, 'queue': True, 'main': {'format': 'RGB888', 'size': (1280, 720), 'preserve_ar': True, 'stride': 3840, 'framesize': 2764800}, 'lores': None, 'raw': {'format': 'GBRG_PISP_COMP1', 'size': (1920, 1080), 'stride': 1920, 'framesize': 2073600}, 'controls': {'NoiseReductionMode': <NoiseReductionModeEnum.Fast: 1>, 'FrameDurationLimits': (33333, 33333)}, 'sensor': {'bit_depth': 10, 'output_size': (1920, 1080)}, 'display': 'main', 'encode': 'main'}
2025-04-13 23:17:10,812 - INFO - Camera configuration has been adjusted!
[59:47:13.918019216] [13181]  INFO Camera camera.cpp:1202 configuring streams: (0) 1280x720-RGB888 (1) 1920x1080-GBRG_PISP_COMP1
[59:47:13.918136236] [13185]  INFO RPI pisp.cpp:1484 Sensor: /base/axi/pcie@120000/rp1/i2c@80000/ov5647@36 - Selected sensor format: 1920x1080-SGBRG10_1X10 - Selected CFE format: 1920x1080-PC1g
2025-04-13 23:17:10,813 - INFO - Configuration successful!
2025-04-13 23:17:10,813 - DEBUG - Final configuration: {'use_case': 'video', 'transform': <libcamera.Transform 'identity'>, 'colour_space': <libcamera.ColorSpace 'Rec709'>, 'buffer_count': 6, 'queue': True, 'main': {'format': 'RGB888', 'size': (1280, 720), 'preserve_ar': True, 'stride': 3840, 'framesize': 2764800}, 'lores': None, 'raw': {'format': 'GBRG_PISP_COMP1', 'size': (1920, 1080), 'stride': 1920, 'framesize': 2073600}, 'controls': {'NoiseReductionMode': <NoiseReductionModeEnum.Fast: 1>, 'FrameDurationLimits': (33333, 33333)}, 'sensor': {'bit_depth': 10, 'output_size': (1920, 1080)}, 'display': 'main', 'encode': 'main'}
2025-04-13 23:17:10,813 - DEBUG - Streams: {'main': <libcamera._libcamera.Stream object at 0x7fff558430f0>, 'lores': None, 'raw': <libcamera._libcamera.Stream object at 0x7fff32fa1d30>}
2025-04-13 23:17:10,817 - DEBUG - Allocated 6 buffers for stream 0 with fds [40, 43, 46, 49, 52, 55]
2025-04-13 23:17:10,821 - DEBUG - Allocated 6 buffers for stream 1 with fds [58, 61, 64, 67, 70, 73]
2025-04-13 23:17:10,908 - INFO - Camera started
2025-04-13 23:17:10,908 - INFO - Camera initialized: 1280x720
2025-04-13 23:17:11,908 - DEBUG - Connecting to camera WebSocket at wss://xeryonremotedemostation.replit.app/rpi/RPI1?type=camera&id=camera_1744579031
2025-04-13 23:17:11,911 - ERROR - Camera feed connection error: BaseEventLoop.create_connection() got an unexpected keyword argument 'create_protocol'
2025-04-13 23:17:11,911 - INFO - Camera feed disconnected, reconnecting in 2s...
2025-04-13 23:17:11,911 - INFO - Establishing control connection to wss://xeryonremotedemostation.replit.app/rpi/RPI1?type=control&id=control_1744579031
2025-04-13 23:17:11,911 - ERROR - Control connection error: BaseEventLoop.create_connection() got an unexpected keyword argument 'create_protocol'
2025-04-13 23:17:11,911 - INFO - Control connection disconnected, reconnecting in 2s...
2025-04-13 23:17:11,911 - INFO - Starting connection watchdog
2025-04-13 23:17:11,911 - DEBUG - CONNECTION STATUS: control_healthy=False, control_silence=7.8s, global_inactivity=7.8s
2025-04-13 23:17:11,932 - DEBUG - Garbage collection: 0 objects
2025-04-13 23:17:11,946 - DEBUG - Memory usage: 178.5 MB
2025-04-13 23:17:13,913 - DEBUG - Connecting to camera WebSocket at wss://xeryonremotedemostation.replit.app/rpi/RPI1?type=camera&id=camera_1744579033
2025-04-13 23:17:13,913 - ERROR - Camera feed connection error: BaseEventLoop.create_connection() got an unexpected keyword argument 'create_protocol'
2025-04-13 23:17:13,914 - INFO - Camera feed disconnected, reconnecting in 2s...
2025-04-13 23:17:13,914 - WARNING - Circuit breaker tripped after 3 failures
2025-04-13 23:17:13,914 - WARNING - Circuit breaker preventing control connection attempt
2025-04-13 23:17:15,916 - WARNING - Circuit breaker preventing camera connection attempt
2025-04-13 23:17:16,913 - DEBUG - CONNECTION STATUS: control_healthy=False, control_silence=12.8s, global_inactivity=12.8s
2025-04-13 23:17:18,084 - WARNING - Circuit breaker preventing control connection attempt
2025-04-13 23:17:20,034 - WARNING - Circuit breaker preventing camera connection attempt
2025-04-13 23:17:21,916 - DEBUG - CONNECTION STATUS: control_healthy=False, control_silence=17.8s, global_inactivity=17.8s
2025-04-13 23:17:22,197 - WARNING - Circuit breaker preventing control connection attempt
2025-04-13 23:17:24,154 - WARNING - Circuit breaker preventing camera connection attempt
2025-04-13 23:17:26,305 - WARNING - Circuit breaker preventing control connection attempt
2025-04-13 23:17:26,917 - DEBUG - CONNECTION STATUS: control_healthy=False, control_silence=22.8s, global_inactivity=22.8s
2025-04-13 23:17:28,272 - WARNING - Circuit breaker preventing camera connection attempt
2025-04-13 23:17:30,411 - WARNING - Circuit breaker preventing control connection attempt
2025-04-13 23:17:31,918 - DEBUG - CONNECTION STATUS: control_healthy=False, control_silence=27.8s, global_inactivity=27.8s
2025-04-13 23:17:32,374 - WARNING - Circuit breaker preventing camera connection attempt
2025-04-13 23:17:34,534 - WARNING - Circuit breaker preventing control connection attempt
2025-04-13 23:17:36,478 - WARNING - Circuit breaker preventing camera connection attempt
2025-04-13 23:17:36,919 - DEBUG - CONNECTION STATUS: control_healthy=False, control_silence=32.8s, global_inactivity=32.8s
2025-04-13 23:17:38,653 - WARNING - Circuit breaker preventing control connection attempt
2025-04-13 23:17:40,588 - WARNING - Circuit breaker preventing camera connection attempt
^C2025-04-13 23:17:41,720 - INFO - Shutting down...
2025-04-13 23:17:41,720 - INFO - Motor stopped
Program stopped running.
2025-04-13 23:17:41,720 - INFO - Controller stopped
2025-04-13 23:17:41,720 - DEBUG - Execute job: <picamera2.job.Job object at 0x7fff304f0b10>
Communication has stopped. 
2025-04-13 23:17:41,724 - INFO - Camera stopped
2025-04-13 23:17:41,724 - INFO - Camera stopped
2025-04-13 23:17:41,924 - DEBUG - Camera was not started
2025-04-13 23:17:42,127 - INFO - Camera closed successfully.
2025-04-13 23:17:42,127 - INFO - Camera closed
2025-04-13 23:17:42,155 - INFO - Shutdown complete
Traceback (most recent call last):
  File "/usr/lib/python3.11/asyncio/runners.py", line 118, in run
    return self._loop.run_until_complete(task)
           ^^^^^^^^^^^^^^^^^^^^^^^^^^^^^^^^^^^
  File "/usr/lib/python3.11/asyncio/base_events.py", line 653, in run_until_complete
    return future.result()
           ^^^^^^^^^^^^^^^
  File "/home/pi/Desktop/RemoteDemoStation/BasicServer/TotalStation.py", line 976, in main
    await asyncio.gather(camera_task, control_task, watchdog_task, cleanup_task)
  File "/home/pi/Desktop/RemoteDemoStation/BasicServer/TotalStation.py", line 555, in camera_feed
    await asyncio.sleep(RETRY_DELAY * 2)
  File "/usr/lib/python3.11/asyncio/tasks.py", line 639, in sleep
    return await future
           ^^^^^^^^^^^^
asyncio.exceptions.CancelledError

During handling of the above exception, another exception occurred:

Traceback (most recent call last):
  File "/home/pi/Desktop/RemoteDemoStation/BasicServer/TotalStation.py", line 1006, in <module>
    asyncio.run(main())
  File "/usr/lib/python3.11/asyncio/runners.py", line 190, in run
    return runner.run(main)
           ^^^^^^^^^^^^^^^^
  File "/usr/lib/python3.11/asyncio/runners.py", line 123, in run
    raise KeyboardInterrupt()
KeyboardInterrupt
2025-04-13 23:17:42,212 - DEBUG - Resources now free: <picamera2.picamera2.Picamera2 object at 0x7fff32fa1250>

(venv) pi@raspberrypi:~/Desktop/RemoteDemoStation/BasicServer $ 
